<?xml version="1.0" encoding="UTF-8"?>
<!-- Generated by org.testng.reporters.JUnitReportReporter -->
<testsuite hostname="VAIO" failures="0" tests="1" name="JDBCConnection" time="50.865" errors="0" timestamp="13 Jun 2019 13:35:33 GMT">
  <testcase classname="JDBCConnection" name="getInfo" time="50.865"/>
</testsuite> <!-- JDBCConnection -->
